[2019-12-02 14:41:40] D:\php\gameback\library\smarty\internals\core.write_file.php line 44: unlink(D:\php\gameback/templates_c\%%FB^FB7^FB72BCD9%%debug.tpl.php): No such file or directory
[2019-12-02 14:41:54] D:\php\gameback\library\smarty\internals\core.write_file.php line 44: unlink(D:\php\gameback/templates_c\%%3E^3E3^3E36FD57%%multiSelectServer.tpl.php): No such file or directory
[2019-12-02 14:41:54] D:\php\gameback\library\smarty\internals\core.write_file.php line 44: unlink(D:\php\gameback/templates_c\%%12^129^129CAB22%%index.tpl.php): No such file or directory
[2019-12-02 14:43:26] D:\php\gameback\library\smarty\internals\core.write_file.php line 44: unlink(D:\php\gameback/templates_c\%%08^08B^08B826C0%%olRealTime.tpl.php): No such file or directory
[2019-12-02 14:43:26] D:\php\gameback\library\smarty\internals\core.write_file.php line 44: unlink(D:\php\gameback/templates_c\%%26^26E^26EC6273%%olRealTimeData.tpl.php): No such file or directory
[2019-12-02 14:44:02] D:\php\gameback\library\smarty\internals\core.write_file.php line 44: unlink(D:\php\gameback/templates_c\%%41^41B^41B95815%%add.tpl.php): No such file or directory
[2019-12-02 14:44:08] D:\php\gameback\library\smarty\Smarty.class.php line 1094: Smarty error: unable to read resource: &quot;role/ban_dialog.tpl&quot;
[2019-12-02 14:44:58] D:\php\gameback\library\smarty\internals\core.write_file.php line 44: unlink(D:\php\gameback/templates_c\%%5E^5E4^5E44FDA5%%edit.tpl.php): No such file or directory
[2019-12-02 14:45:19] D:\php\gameback\library\smarty\internals\core.write_file.php line 44: unlink(D:\php\gameback/templates_c\%%AA^AAE^AAED6261%%index.tpl.php): No such file or directory
[2019-12-02 14:45:20] D:\php\gameback\library\smarty\internals\core.write_file.php line 44: unlink(D:\php\gameback/templates_c\%%7A^7A6^7A62F74A%%items.tpl.php): No such file or directory
[2019-12-02 14:45:21] D:\php\gameback\library\smarty\internals\core.write_file.php line 44: unlink(D:\php\gameback/templates_c\%%6A^6AC^6AC41EB0%%uers_list.tpl.php): No such file or directory
[2019-12-02 14:45:23] D:\php\gameback\library\smarty\internals\core.write_file.php line 44: unlink(D:\php\gameback/templates_c\%%E0^E0D^E0DA1FC9%%usergroup.tpl.php): No such file or directory
[2019-12-02 14:45:23] D:\php\gameback\library\smarty\internals\core.write_file.php line 44: unlink(D:\php\gameback/templates_c\%%61^611^611A2F0D%%edit.tpl.php): No such file or directory
[2019-12-02 14:45:32] D:\php\gameback\library\smarty\internals\core.write_file.php line 44: unlink(D:\php\gameback/templates_c\%%1E^1E0^1E08F2C7%%permit_list.tpl.php): No such file or directory
[2019-12-02 14:45:53] D:\php\gameback\library\smarty\internals\core.write_file.php line 44: unlink(D:\php\gameback/templates_c\%%05^054^054CEBCD%%add.tpl.php): No such file or directory
[2019-12-02 14:46:01] D:\php\gameback\library\smarty\internals\core.write_file.php line 44: unlink(D:\php\gameback/templates_c\%%96^962^96233176%%pi.tpl.php): No such file or directory
[2019-12-02 15:53:51] D:\php\gameback\library\smarty\internals\core.write_file.php line 44: unlink(D:\php\gameback/templates_c\%%9B^9B5^9B56AF9A%%add.tpl.php): No such file or directory
[2019-12-02 15:55:15] D:\php\gameback\library\smarty\internals\core.write_file.php line 44: unlink(D:\php\gameback/templates_c\%%95^95E^95E4EBA2%%add.tpl.php): No such file or directory
[2019-12-02 15:55:17] D:\php\gameback\library\smarty\internals\core.write_file.php line 44: unlink(D:\php\gameback/templates_c\%%15^15E^15E122C5%%add.tpl.php): No such file or directory
[2019-12-02 16:02:50] D:\php\gameback\library\smarty\internals\core.write_file.php line 44: unlink(D:\php\gameback/templates_c\%%05^05A^05A5CB9A%%edit.tpl.php): No such file or directory
[2019-12-02 19:20:13] D:\php\gameback\library\smarty\internals\core.write_file.php line 44: unlink(D:\php\gameback/templates_c\%%57^576^5762A32F%%server_mail.tpl.php): No such file or directory
[2019-12-02 19:24:48] D:\php\gameback\library\smarty\internals\core.write_file.php line 44: unlink(D:\php\gameback/templates_c\%%90^905^9059FF2E%%add.tpl.php): No such file or directory
[2019-12-02 19:28:56] D:\php\gameback\library\smarty\internals\core.write_file.php line 44: unlink(D:\php\gameback/templates_c\%%76^761^76161F18%%olComplex.tpl.php): No such file or directory
[2019-12-02 19:28:57] D:\php\gameback\library\smarty\internals\core.write_file.php line 44: unlink(D:\php\gameback/templates_c\%%69^698^698FE046%%olComplexData.tpl.php): No such file or directory
[2019-12-09 16:31:48] D:\php\gameback\library\smarty\Smarty.class.php line 1094: Smarty error: unable to read resource: &quot;role/ban_dialog.tpl&quot;
[2019-12-10 17:54:03] D:\php\gameback\library\smarty\Smarty.class.php line 1094: Smarty error: unable to read resource: &quot;role/ban_dialog.tpl&quot;
[2019-12-10 17:54:40] D:\php\gameback\library\smarty\Smarty.class.php line 1094: Smarty error: unable to read resource: &quot;role/ban_dialog.tpl&quot;
[2019-12-10 17:54:44] D:\php\gameback\library\smarty\Smarty.class.php line 1094: Smarty error: unable to read resource: &quot;role/ban_dialog.tpl&quot;
[2019-12-10 17:54:49] D:\php\gameback\library\smarty\internals\core.write_file.php line 44: unlink(D:\php\gameback/templates_c\%%A2^A20^A2025BDF%%baseinfo.tpl.php): No such file or directory
[2019-12-10 17:55:00] D:\php\gameback\library\smarty\internals\core.write_file.php line 44: unlink(D:\php\gameback/templates_c\%%27^27E^27ED1ADA%%equip.tpl.php): No such file or directory
[2019-12-10 17:55:04] D:\php\gameback\library\smarty\internals\core.write_file.php line 44: unlink(D:\php\gameback/templates_c\%%40^40E^40EF1148%%skill.tpl.php): No such file or directory
[2019-12-10 17:55:07] D:\php\gameback\library\smarty\internals\core.write_file.php line 44: unlink(D:\php\gameback/templates_c\%%44^443^443E982A%%package.tpl.php): No such file or directory
[2019-12-10 17:55:11] D:\php\gameback\library\smarty\internals\core.write_file.php line 44: unlink(D:\php\gameback/templates_c\%%4D^4DD^4DDCAFDC%%pet.tpl.php): No such file or directory
[2019-12-10 17:55:18] D:\php\gameback\controller\OnlineController.class.php line 57: array_keys() expects parameter 1 to be array, null given
[2019-12-10 17:55:18] D:\php\gameback\controller\OnlineController.class.php line 58: array_values() expects parameter 1 to be array, null given
[2019-12-10 17:55:37] D:\php\gameback\library\smarty\internals\core.write_file.php line 44: unlink(D:\php\gameback/templates_c\%%09^097^09743332%%log_list.tpl.php): No such file or directory
[2019-12-11 18:30:36] D:\php\gameback\library\smarty\internals\core.write_file.php line 44: unlink(D:\php\gameback/templates_c\%%7D^7DF^7DF69B11%%level.tpl.php): No such file or directory
[2019-12-11 18:30:36] D:\php\gameback\library\smarty\internals\core.write_file.php line 44: unlink(D:\php\gameback/templates_c\%%8D^8D1^8D126459%%level_content.tpl.php): No such file or directory
