[2019-11-09 23:40:59] F:\MGAME\php\gameback\includes\database.inc.php line 35: mysqli::mysqli(): (HY000/1049): Unknown database 'gb'
[2019-11-09 23:40:59] Exception: mysql connect failure:1049
Stack trace:
#0 F:\MGAME\php\gameback\model\Model.php(76): DbMysqli->__construct()
#1 F:\MGAME\php\gameback\includes\common.inc.php(239): Model->__construct()
#2 F:\MGAME\php\gameback\includes\router.inc.php(14): has_purview('index', 'index')
#3 F:\MGAME\php\gameback\includes\common.inc.php(33): require_once('F:\\MGAME\\php\\ga...')
#4 F:\MGAME\php\gameback\admin.php(11): print_page()
#5 {main}
[2019-11-09 23:41:00] F:\MGAME\php\gameback\includes\database.inc.php line 35: mysqli::mysqli(): (HY000/1049): Unknown database 'gb'
[2019-11-09 23:41:00] Exception: mysql connect failure:1049
Stack trace:
#0 F:\MGAME\php\gameback\model\Model.php(76): DbMysqli->__construct()
#1 F:\MGAME\php\gameback\includes\common.inc.php(239): Model->__construct()
#2 F:\MGAME\php\gameback\includes\router.inc.php(14): has_purview('index', 'index')
#3 F:\MGAME\php\gameback\includes\common.inc.php(33): require_once('F:\\MGAME\\php\\ga...')
#4 F:\MGAME\php\gameback\admin.php(11): print_page()
#5 {main}
[2019-11-09 23:41:24] F:\MGAME\php\gameback\includes\database.inc.php line 35: mysqli::mysqli(): (HY000/1049): Unknown database 'gb'
[2019-11-09 23:41:24] Exception: mysql connect failure:1049
Stack trace:
#0 F:\MGAME\php\gameback\model\Model.php(76): DbMysqli->__construct()
#1 F:\MGAME\php\gameback\includes\common.inc.php(239): Model->__construct()
#2 F:\MGAME\php\gameback\includes\router.inc.php(14): has_purview('index', 'index')
#3 F:\MGAME\php\gameback\includes\common.inc.php(33): require_once('F:\\MGAME\\php\\ga...')
#4 F:\MGAME\php\gameback\admin.php(11): print_page()
#5 {main}
[2019-11-09 23:41:25] F:\MGAME\php\gameback\includes\database.inc.php line 35: mysqli::mysqli(): (HY000/1049): Unknown database 'gb'
[2019-11-09 23:41:25] Exception: mysql connect failure:1049
Stack trace:
#0 F:\MGAME\php\gameback\model\Model.php(76): DbMysqli->__construct()
#1 F:\MGAME\php\gameback\includes\common.inc.php(239): Model->__construct()
#2 F:\MGAME\php\gameback\includes\router.inc.php(14): has_purview('index', 'index')
#3 F:\MGAME\php\gameback\includes\common.inc.php(33): require_once('F:\\MGAME\\php\\ga...')
#4 F:\MGAME\php\gameback\admin.php(11): print_page()
#5 {main}
[2019-11-09 23:41:26] F:\MGAME\php\gameback\includes\database.inc.php line 35: mysqli::mysqli(): (HY000/1049): Unknown database 'gb'
[2019-11-09 23:41:26] Exception: mysql connect failure:1049
Stack trace:
#0 F:\MGAME\php\gameback\model\Model.php(76): DbMysqli->__construct()
#1 F:\MGAME\php\gameback\includes\common.inc.php(239): Model->__construct()
#2 F:\MGAME\php\gameback\includes\router.inc.php(14): has_purview('index', 'index')
#3 F:\MGAME\php\gameback\includes\common.inc.php(33): require_once('F:\\MGAME\\php\\ga...')
#4 F:\MGAME\php\gameback\admin.php(11): print_page()
#5 {main}
[2019-11-09 23:41:27] F:\MGAME\php\gameback\includes\database.inc.php line 35: mysqli::mysqli(): (HY000/1049): Unknown database 'gb'
[2019-11-09 23:41:27] Exception: mysql connect failure:1049
Stack trace:
#0 F:\MGAME\php\gameback\model\Model.php(76): DbMysqli->__construct()
#1 F:\MGAME\php\gameback\includes\common.inc.php(239): Model->__construct()
#2 F:\MGAME\php\gameback\includes\router.inc.php(14): has_purview('index', 'index')
#3 F:\MGAME\php\gameback\includes\common.inc.php(33): require_once('F:\\MGAME\\php\\ga...')
#4 F:\MGAME\php\gameback\admin.php(11): print_page()
#5 {main}
[2019-11-09 23:41:27] F:\MGAME\php\gameback\includes\database.inc.php line 35: mysqli::mysqli(): (HY000/1049): Unknown database 'gb'
[2019-11-09 23:41:27] Exception: mysql connect failure:1049
Stack trace:
#0 F:\MGAME\php\gameback\model\Model.php(76): DbMysqli->__construct()
#1 F:\MGAME\php\gameback\includes\common.inc.php(239): Model->__construct()
#2 F:\MGAME\php\gameback\includes\router.inc.php(14): has_purview('index', 'index')
#3 F:\MGAME\php\gameback\includes\common.inc.php(33): require_once('F:\\MGAME\\php\\ga...')
#4 F:\MGAME\php\gameback\admin.php(11): print_page()
#5 {main}
[2019-11-09 23:41:28] F:\MGAME\php\gameback\includes\database.inc.php line 35: mysqli::mysqli(): (HY000/1049): Unknown database 'gb'
[2019-11-09 23:41:28] Exception: mysql connect failure:1049
Stack trace:
#0 F:\MGAME\php\gameback\model\Model.php(76): DbMysqli->__construct()
#1 F:\MGAME\php\gameback\includes\common.inc.php(239): Model->__construct()
#2 F:\MGAME\php\gameback\includes\router.inc.php(14): has_purview('index', 'index')
#3 F:\MGAME\php\gameback\includes\common.inc.php(33): require_once('F:\\MGAME\\php\\ga...')
#4 F:\MGAME\php\gameback\admin.php(11): print_page()
#5 {main}
[2019-11-09 23:41:28] F:\MGAME\php\gameback\includes\database.inc.php line 35: mysqli::mysqli(): (HY000/1049): Unknown database 'gb'
[2019-11-09 23:41:28] Exception: mysql connect failure:1049
Stack trace:
#0 F:\MGAME\php\gameback\model\Model.php(76): DbMysqli->__construct()
#1 F:\MGAME\php\gameback\includes\common.inc.php(239): Model->__construct()
#2 F:\MGAME\php\gameback\includes\router.inc.php(14): has_purview('index', 'index')
#3 F:\MGAME\php\gameback\includes\common.inc.php(33): require_once('F:\\MGAME\\php\\ga...')
#4 F:\MGAME\php\gameback\admin.php(11): print_page()
#5 {main}
[2019-11-09 23:41:42] F:\MGAME\php\gameback\library\smarty\Smarty.class.php line 1094: Smarty error: the $compile_dir 'F:\MGAME\php\gameback/templates_c' does not exist, or is not a directory.
[2019-11-09 23:41:42] F:\MGAME\php\gameback\library\smarty\Smarty.class.php line 1257: include(F:\MGAME\php\gameback/templates_c\%%6A^6A5^6A537DD8%%login.tpl.php): failed to open stream: No such file or directory
[2019-11-09 23:41:42] F:\MGAME\php\gameback\library\smarty\Smarty.class.php line 1257: include(): Failed opening 'F:\MGAME\php\gameback/templates_c\%%6A^6A5^6A537DD8%%login.tpl.php' for inclusion (include_path='.;C:\php\pear;F:\MGAME\php\gameback/model;F:\MGAME\php\gameback/component;F:\MGAME\php\gameback/controller/cron;F:\MGAME\php\gameback/library/PHPExcel;F:\MGAME\php\gameback/model;F:\MGAME\php\gameback/component;F:\MGAME\php\gameback/controller/cron;F:\MGAME\php\gameback/library/PHPExcel')
[2019-11-09 23:41:42] F:\MGAME\php\gameback\library\smarty\Smarty.class.php line 1094: Smarty error: the $compile_dir 'F:\MGAME\php\gameback/templates_c' does not exist, or is not a directory.
[2019-11-09 23:41:42] F:\MGAME\php\gameback\library\smarty\Smarty.class.php line 1924: include(F:\MGAME\php\gameback/templates_c\%%5E^5EC^5EC467A5%%debug.tpl.php): failed to open stream: No such file or directory
[2019-11-09 23:41:42] F:\MGAME\php\gameback\library\smarty\Smarty.class.php line 1924: include(): Failed opening 'F:\MGAME\php\gameback/templates_c\%%5E^5EC^5EC467A5%%debug.tpl.php' for inclusion (include_path='.;C:\php\pear;F:\MGAME\php\gameback/model;F:\MGAME\php\gameback/component;F:\MGAME\php\gameback/controller/cron;F:\MGAME\php\gameback/library/PHPExcel;F:\MGAME\php\gameback/model;F:\MGAME\php\gameback/component;F:\MGAME\php\gameback/controller/cron;F:\MGAME\php\gameback/library/PHPExcel')
[2019-11-09 23:42:12] F:\MGAME\php\gameback\library\smarty\internals\core.write_file.php line 44: unlink(F:\MGAME\php\gameback/templates_c\%%6A^6A5^6A537DD8%%login.tpl.php): No such file or directory
[2019-11-09 23:42:12] F:\MGAME\php\gameback\library\smarty\internals\core.write_file.php line 44: unlink(F:\MGAME\php\gameback/templates_c\%%5E^5EC^5EC467A5%%debug.tpl.php): No such file or directory
[2019-11-09 23:43:43] F:\MGAME\php\gameback\library\smarty\internals\core.write_file.php line 44: unlink(F:\MGAME\php\gameback/templates_c\%%6A^6A5^6A537DD8%%login.tpl.php): No such file or directory
[2019-11-09 23:43:44] F:\MGAME\php\gameback\library\smarty\internals\core.write_file.php line 44: unlink(F:\MGAME\php\gameback/templates_c\%%5E^5EC^5EC467A5%%debug.tpl.php): No such file or directory
[2019-11-09 23:44:07] F:\MGAME\php\gameback\library\smarty\internals\core.write_file.php line 44: unlink(F:\MGAME\php\gameback/templates_c\%%45^45E^45E480CD%%index.tpl.php): No such file or directory
[2019-11-09 23:44:09] F:\MGAME\php\gameback\library\smarty\internals\core.write_file.php line 44: unlink(F:\MGAME\php\gameback/templates_c\%%93^931^931AFD63%%server_list.tpl.php): No such file or directory
[2019-11-09 23:44:09] F:\MGAME\php\gameback\library\smarty\internals\core.write_file.php line 44: unlink(F:\MGAME\php\gameback/templates_c\%%8C^8C8^8C85411F%%data_tables.tpl.php): No such file or directory
[2019-11-09 23:44:14] F:\MGAME\php\gameback\library\smarty\internals\core.write_file.php line 44: unlink(F:\MGAME\php\gameback/templates_c\%%76^760^760A7B5A%%tabs.tpl.php): No such file or directory
[2019-11-09 23:44:15] F:\MGAME\php\gameback\library\smarty\Smarty.class.php line 1094: Smarty error: unable to read resource: &quot;role/ban_dialog.tpl&quot;
[2019-11-09 23:44:15] F:\MGAME\php\gameback\component\Util.php line 104: mysqli::mysqli(): (HY000/1045): Access denied for user 'root'@'localhost' (using password: YES)
[2019-11-09 23:44:15] F:\MGAME\php\gameback\component\Util.php line 105: Util::getMysqlCon(): Couldn't fetch mysqli
[2019-11-09 23:44:15] F:\MGAME\php\gameback\component\Util.php line 108: mysqli::set_charset(): Couldn't fetch mysqli
[2019-11-09 23:44:15] F:\MGAME\php\gameback\controller\RoleController.class.php line 150: mysqli::query(): Couldn't fetch mysqli
[2019-11-09 23:44:27] F:\MGAME\php\gameback\library\smarty\internals\core.write_file.php line 44: unlink(F:\MGAME\php\gameback/templates_c\%%EA^EAB^EABDC475%%alter_password.tpl.php): No such file or directory
[2019-11-09 23:47:31] F:\MGAME\php\gameback\includes\database.inc.php line 35: mysqli::mysqli(): (HY000/1049): Unknown database 'gameback'
[2019-11-09 23:47:31] Exception: mysql connect failure:1049
Stack trace:
#0 F:\MGAME\php\gameback\model\Model.php(76): DbMysqli->__construct()
#1 F:\MGAME\php\gameback\includes\common.inc.php(239): Model->__construct()
#2 F:\MGAME\php\gameback\includes\router.inc.php(14): has_purview('index', 'index')
#3 F:\MGAME\php\gameback\includes\common.inc.php(33): require_once('F:\\MGAME\\php\\ga...')
#4 F:\MGAME\php\gameback\admin.php(11): print_page()
#5 {main}
[2019-11-09 23:48:48] F:\MGAME\php\gameback\library\smarty\internals\core.write_file.php line 44: unlink(F:\MGAME\php\gameback/templates_c\%%EB^EB5^EB510FB0%%edit.tpl.php): No such file or directory
