[ 2020-04-01 01:28:55 ]error sql: SELECT count(*) AS total FROM `bg_cdkey_use` WHERE actorid=16777234 AND batch_id=
[ 2020-04-02 06:23:36 ]error sql: SELECT * FROM `bg_server` WHERE server_id=
[ 2020-04-05 00:16:37 ]error sql: SELECT count(*) AS total FROM `bg_cdkey_use` WHERE actorid=16777222 AND batch_id=
[ 2020-04-05 00:16:42 ]error sql: SELECT count(*) AS total FROM `bg_cdkey_use` WHERE actorid=16777222 AND batch_id=
[ 2020-04-05 03:36:30 ]error sql: SELECT * FROM `user` WHERE uid=33
[ 2020-04-05 03:36:33 ]error sql: SELECT COUNT(*) AS count_data FROM `failed_login` WHERE `created` >1586025393 AND `username`='admin' 
[ 2020-04-05 03:36:44 ]error sql: SELECT COUNT(*) AS count_data FROM `failed_login` WHERE `created` >1586025404 AND `username`='admin' 
[ 2020-04-05 03:36:45 ]error sql: SELECT COUNT(*) AS count_data FROM `failed_login` WHERE `created` >1586025405 AND `username`='admin' 
[ 2020-04-05 03:36:45 ]error sql: SELECT COUNT(*) AS count_data FROM `failed_login` WHERE created >1586025405 AND ip='183.199.145.26' 
[ 2020-04-05 03:36:45 ]error sql: SELECT * FROM `user` WHERE username = 'admin' AND password = '1cad0d836c601dab4b2d734b6359e4fe'
[ 2020-04-05 03:36:45 ]error sql: SELECT COUNT(*) AS count_data FROM `failed_login` WHERE `created` >1586025405 AND `username`='admin' 
[ 2020-04-05 03:36:46 ]error sql: SELECT COUNT(*) AS count_data FROM `failed_login` WHERE `created` >1586025406 AND `username`='admin' 
[ 2020-04-05 03:36:46 ]error sql: SELECT COUNT(*) AS count_data FROM `failed_login` WHERE created >1586025406 AND ip='183.199.145.26' 
[ 2020-04-05 03:36:46 ]error sql: SELECT * FROM `user` WHERE username = 'admin' AND password = '1cad0d836c601dab4b2d734b6359e4fe'
[ 2020-04-05 03:36:46 ]error sql: SELECT COUNT(*) AS count_data FROM `failed_login` WHERE `created` >1586025406 AND `username`='admin' 
[ 2020-04-05 03:36:47 ]error sql: SELECT COUNT(*) AS count_data FROM `failed_login` WHERE `created` >1586025407 AND `username`='admin' 
[ 2020-04-05 03:36:47 ]error sql: SELECT COUNT(*) AS count_data FROM `failed_login` WHERE created >1586025407 AND ip='183.199.145.26' 
[ 2020-04-05 03:36:47 ]error sql: SELECT * FROM `user` WHERE username = 'admin' AND password = '1cad0d836c601dab4b2d734b6359e4fe'
[ 2020-04-05 03:36:47 ]error sql: SELECT COUNT(*) AS count_data FROM `failed_login` WHERE `created` >1586025407 AND `username`='admin' 
[ 2020-04-05 03:36:48 ]error sql: SELECT COUNT(*) AS count_data FROM `failed_login` WHERE `created` >1586025408 AND `username`='admin' 
[ 2020-04-05 03:36:48 ]error sql: SELECT COUNT(*) AS count_data FROM `failed_login` WHERE created >1586025408 AND ip='183.199.145.26' 
[ 2020-04-05 03:36:48 ]error sql: SELECT * FROM `user` WHERE username = 'admin' AND password = '1cad0d836c601dab4b2d734b6359e4fe'
[ 2020-04-05 03:36:48 ]error sql: SELECT COUNT(*) AS count_data FROM `failed_login` WHERE `created` >1586025408 AND `username`='admin' 
[ 2020-04-05 03:36:49 ]error sql: SELECT COUNT(*) AS count_data FROM `failed_login` WHERE `created` >1586025409 AND `username`='admin' 
[ 2020-04-05 03:36:49 ]error sql: SELECT COUNT(*) AS count_data FROM `failed_login` WHERE created >1586025409 AND ip='183.199.145.26' 
[ 2020-04-05 03:36:49 ]error sql: SELECT * FROM `user` WHERE username = 'admin' AND password = '1cad0d836c601dab4b2d734b6359e4fe'
[ 2020-04-05 03:36:49 ]error sql: SELECT COUNT(*) AS count_data FROM `failed_login` WHERE `created` >1586025409 AND `username`='admin' 
[ 2020-04-06 01:24:37 ]error sql: SELECT count(*) AS total FROM `bg_cdkey_use` WHERE actorid=16777234 AND batch_id=
[ 2020-04-06 01:24:38 ]error sql: SELECT count(*) AS total FROM `bg_cdkey_use` WHERE actorid=16777234 AND batch_id=
[ 2020-04-06 01:24:39 ]error sql: SELECT count(*) AS total FROM `bg_cdkey_use` WHERE actorid=16777234 AND batch_id=
[ 2020-04-06 01:24:39 ]error sql: SELECT count(*) AS total FROM `bg_cdkey_use` WHERE actorid=16777234 AND batch_id=
[ 2020-04-06 01:24:39 ]error sql: SELECT count(*) AS total FROM `bg_cdkey_use` WHERE actorid=16777234 AND batch_id=
[ 2020-04-06 01:26:43 ]error sql: SELECT * FROM `bg_server` WHERE server_id=
[ 2020-04-06 01:38:53 ]error sql: SELECT * FROM `bg_server` WHERE server_id=
[ 2020-04-06 02:34:13 ]error sql: SELECT * FROM `bg_server` WHERE server_id=
[ 2020-04-06 04:05:12 ]error sql: SELECT * FROM `bg_server` WHERE server_id=
[ 2020-04-06 04:52:50 ]error sql: SELECT * FROM `bg_server` WHERE server_id=
[ 2020-04-06 05:58:36 ]error sql: SELECT * FROM `bg_server` WHERE server_id=
[ 2020-04-06 07:46:04 ]error sql: SELECT * FROM `bg_server` WHERE server_id=
[ 2020-04-06 08:17:36 ]error sql: SELECT * FROM `bg_server` WHERE server_id=
[ 2020-04-06 08:25:07 ]error sql: SELECT * FROM `bg_server` WHERE server_id=
[ 2020-04-06 08:30:21 ]error sql: SELECT * FROM `bg_server` WHERE server_id=
[ 2020-04-06 10:28:18 ]error sql: SELECT * FROM `bg_server` WHERE server_id=
[ 2020-04-07 01:19:51 ]error sql: SELECT * FROM `bg_server` WHERE server_id=
[ 2020-04-07 05:01:15 ]error sql: SELECT * FROM `bg_server` WHERE server_id=
