[2020-02-01 14:56:40] D:\php\gameback\library\smarty\Smarty.class.php line 1094: Smarty error: unable to read resource: &quot;role/ban_dialog.tpl&quot;
[2020-02-01 15:38:38] D:\php\gameback\library\smarty\internals\core.write_file.php line 44: unlink(D:\php\gameback/templates_c\%%D7^D74^D743EAF9%%export.tpl.php): No such file or directory
[2020-02-08 03:27:02] D:\php\gameback\library\smarty\Smarty.class.php line 1094: Smarty error: unable to read resource: &quot;role/ban_dialog.tpl&quot;
[2020-02-08 04:30:03] D:\php\gameback\library\smarty\Smarty.class.php line 1094: Smarty error: unable to read resource: &quot;role/ban_dialog.tpl&quot;
[2020-02-19 04:39:47] D:\php\gameback\includes\database.inc.php line 35: mysqli::mysqli(): (HY000/1045): Access denied for user 'root'@'localhost' (using password: YES)
[2020-02-19 04:39:47] Exception: mysql connect failure:1045
Stack trace:
#0 D:\php\gameback\model\Model.php(76): DbMysqli->__construct()
#1 D:\php\gameback\includes\common.inc.php(239): Model->__construct()
#2 D:\php\gameback\includes\router.inc.php(14): has_purview('index', 'index')
#3 D:\php\gameback\includes\common.inc.php(33): require_once('D:\\php\\gameback...')
#4 D:\php\gameback\admin.php(11): print_page()
#5 {main}
[2020-02-19 04:39:48] D:\php\gameback\includes\database.inc.php line 35: mysqli::mysqli(): (HY000/1045): Access denied for user 'root'@'localhost' (using password: YES)
[2020-02-19 04:39:48] Exception: mysql connect failure:1045
Stack trace:
#0 D:\php\gameback\model\Model.php(76): DbMysqli->__construct()
#1 D:\php\gameback\includes\common.inc.php(239): Model->__construct()
#2 D:\php\gameback\includes\router.inc.php(14): has_purview('index', 'index')
#3 D:\php\gameback\includes\common.inc.php(33): require_once('D:\\php\\gameback...')
#4 D:\php\gameback\admin.php(11): print_page()
#5 {main}
[2020-02-19 04:39:48] D:\php\gameback\includes\database.inc.php line 35: mysqli::mysqli(): (HY000/1045): Access denied for user 'root'@'localhost' (using password: YES)
[2020-02-19 04:39:48] Exception: mysql connect failure:1045
Stack trace:
#0 D:\php\gameback\model\Model.php(76): DbMysqli->__construct()
#1 D:\php\gameback\includes\common.inc.php(239): Model->__construct()
#2 D:\php\gameback\includes\router.inc.php(14): has_purview('index', 'index')
#3 D:\php\gameback\includes\common.inc.php(33): require_once('D:\\php\\gameback...')
#4 D:\php\gameback\admin.php(11): print_page()
#5 {main}
[2020-02-19 04:39:49] D:\php\gameback\includes\database.inc.php line 35: mysqli::mysqli(): (HY000/1045): Access denied for user 'root'@'localhost' (using password: YES)
[2020-02-19 04:39:49] Exception: mysql connect failure:1045
Stack trace:
#0 D:\php\gameback\model\Model.php(76): DbMysqli->__construct()
#1 D:\php\gameback\includes\common.inc.php(239): Model->__construct()
#2 D:\php\gameback\includes\router.inc.php(14): has_purview('index', 'index')
#3 D:\php\gameback\includes\common.inc.php(33): require_once('D:\\php\\gameback...')
#4 D:\php\gameback\admin.php(11): print_page()
#5 {main}
[2020-02-19 04:39:49] D:\php\gameback\includes\database.inc.php line 35: mysqli::mysqli(): (HY000/1045): Access denied for user 'root'@'localhost' (using password: YES)
[2020-02-19 04:39:49] Exception: mysql connect failure:1045
Stack trace:
#0 D:\php\gameback\model\Model.php(76): DbMysqli->__construct()
#1 D:\php\gameback\includes\common.inc.php(239): Model->__construct()
#2 D:\php\gameback\includes\router.inc.php(14): has_purview('index', 'index')
#3 D:\php\gameback\includes\common.inc.php(33): require_once('D:\\php\\gameback...')
#4 D:\php\gameback\admin.php(11): print_page()
#5 {main}
[2020-02-19 04:39:49] D:\php\gameback\includes\database.inc.php line 35: mysqli::mysqli(): (HY000/1045): Access denied for user 'root'@'localhost' (using password: YES)
[2020-02-19 04:39:49] Exception: mysql connect failure:1045
Stack trace:
#0 D:\php\gameback\model\Model.php(76): DbMysqli->__construct()
#1 D:\php\gameback\includes\common.inc.php(239): Model->__construct()
#2 D:\php\gameback\includes\router.inc.php(14): has_purview('index', 'index')
#3 D:\php\gameback\includes\common.inc.php(33): require_once('D:\\php\\gameback...')
#4 D:\php\gameback\admin.php(11): print_page()
#5 {main}
[2020-02-19 04:39:49] D:\php\gameback\includes\database.inc.php line 35: mysqli::mysqli(): (HY000/1045): Access denied for user 'root'@'localhost' (using password: YES)
[2020-02-19 04:39:49] Exception: mysql connect failure:1045
Stack trace:
#0 D:\php\gameback\model\Model.php(76): DbMysqli->__construct()
#1 D:\php\gameback\includes\common.inc.php(239): Model->__construct()
#2 D:\php\gameback\includes\router.inc.php(14): has_purview('index', 'index')
#3 D:\php\gameback\includes\common.inc.php(33): require_once('D:\\php\\gameback...')
#4 D:\php\gameback\admin.php(11): print_page()
#5 {main}
[2020-02-19 04:39:49] D:\php\gameback\includes\database.inc.php line 35: mysqli::mysqli(): (HY000/1045): Access denied for user 'root'@'localhost' (using password: YES)
[2020-02-19 04:39:49] Exception: mysql connect failure:1045
Stack trace:
#0 D:\php\gameback\model\Model.php(76): DbMysqli->__construct()
#1 D:\php\gameback\includes\common.inc.php(239): Model->__construct()
#2 D:\php\gameback\includes\router.inc.php(14): has_purview('index', 'index')
#3 D:\php\gameback\includes\common.inc.php(33): require_once('D:\\php\\gameback...')
#4 D:\php\gameback\admin.php(11): print_page()
#5 {main}
[2020-02-19 04:39:50] D:\php\gameback\includes\database.inc.php line 35: mysqli::mysqli(): (HY000/1045): Access denied for user 'root'@'localhost' (using password: YES)
[2020-02-19 04:39:50] Exception: mysql connect failure:1045
Stack trace:
#0 D:\php\gameback\model\Model.php(76): DbMysqli->__construct()
#1 D:\php\gameback\includes\common.inc.php(239): Model->__construct()
#2 D:\php\gameback\includes\router.inc.php(14): has_purview('index', 'index')
#3 D:\php\gameback\includes\common.inc.php(33): require_once('D:\\php\\gameback...')
#4 D:\php\gameback\admin.php(11): print_page()
#5 {main}
[2020-02-19 04:39:52] D:\php\gameback\includes\database.inc.php line 35: mysqli::mysqli(): (HY000/1045): Access denied for user 'root'@'localhost' (using password: YES)
[2020-02-19 04:39:52] Exception: mysql connect failure:1045
Stack trace:
#0 D:\php\gameback\model\Model.php(76): DbMysqli->__construct()
#1 D:\php\gameback\includes\common.inc.php(239): Model->__construct()
#2 D:\php\gameback\includes\router.inc.php(14): has_purview('index', 'index')
#3 D:\php\gameback\includes\common.inc.php(33): require_once('D:\\php\\gameback...')
#4 D:\php\gameback\admin.php(11): print_page()
#5 {main}
[2020-02-19 04:39:53] D:\php\gameback\includes\database.inc.php line 35: mysqli::mysqli(): (HY000/1045): Access denied for user 'root'@'localhost' (using password: YES)
[2020-02-19 04:39:53] Exception: mysql connect failure:1045
Stack trace:
#0 D:\php\gameback\model\Model.php(76): DbMysqli->__construct()
#1 D:\php\gameback\includes\common.inc.php(239): Model->__construct()
#2 D:\php\gameback\includes\router.inc.php(14): has_purview('index', 'index')
#3 D:\php\gameback\includes\common.inc.php(33): require_once('D:\\php\\gameback...')
#4 D:\php\gameback\admin.php(11): print_page()
#5 {main}
[2020-02-19 04:39:54] D:\php\gameback\includes\database.inc.php line 35: mysqli::mysqli(): (HY000/1045): Access denied for user 'root'@'localhost' (using password: YES)
[2020-02-19 04:39:54] Exception: mysql connect failure:1045
Stack trace:
#0 D:\php\gameback\model\Model.php(76): DbMysqli->__construct()
#1 D:\php\gameback\includes\common.inc.php(239): Model->__construct()
#2 D:\php\gameback\includes\router.inc.php(14): has_purview('index', 'index')
#3 D:\php\gameback\includes\common.inc.php(33): require_once('D:\\php\\gameback...')
#4 D:\php\gameback\admin.php(11): print_page()
#5 {main}
[2020-02-19 04:39:54] D:\php\gameback\includes\database.inc.php line 35: mysqli::mysqli(): (HY000/1045): Access denied for user 'root'@'localhost' (using password: YES)
[2020-02-19 04:39:54] Exception: mysql connect failure:1045
Stack trace:
#0 D:\php\gameback\model\Model.php(76): DbMysqli->__construct()
#1 D:\php\gameback\includes\common.inc.php(239): Model->__construct()
#2 D:\php\gameback\includes\router.inc.php(14): has_purview('index', 'index')
#3 D:\php\gameback\includes\common.inc.php(33): require_once('D:\\php\\gameback...')
#4 D:\php\gameback\admin.php(11): print_page()
#5 {main}
[2020-02-19 04:39:54] D:\php\gameback\includes\database.inc.php line 35: mysqli::mysqli(): (HY000/1045): Access denied for user 'root'@'localhost' (using password: YES)
[2020-02-19 04:39:54] Exception: mysql connect failure:1045
Stack trace:
#0 D:\php\gameback\model\Model.php(76): DbMysqli->__construct()
#1 D:\php\gameback\includes\common.inc.php(239): Model->__construct()
#2 D:\php\gameback\includes\router.inc.php(14): has_purview('index', 'index')
#3 D:\php\gameback\includes\common.inc.php(33): require_once('D:\\php\\gameback...')
#4 D:\php\gameback\admin.php(11): print_page()
#5 {main}
[2020-02-19 04:39:54] D:\php\gameback\includes\database.inc.php line 35: mysqli::mysqli(): (HY000/1045): Access denied for user 'root'@'localhost' (using password: YES)
[2020-02-19 04:39:54] Exception: mysql connect failure:1045
Stack trace:
#0 D:\php\gameback\model\Model.php(76): DbMysqli->__construct()
#1 D:\php\gameback\includes\common.inc.php(239): Model->__construct()
#2 D:\php\gameback\includes\router.inc.php(14): has_purview('index', 'index')
#3 D:\php\gameback\includes\common.inc.php(33): require_once('D:\\php\\gameback...')
#4 D:\php\gameback\admin.php(11): print_page()
#5 {main}
[2020-02-19 04:39:55] D:\php\gameback\includes\database.inc.php line 35: mysqli::mysqli(): (HY000/1045): Access denied for user 'root'@'localhost' (using password: YES)
[2020-02-19 04:39:55] Exception: mysql connect failure:1045
Stack trace:
#0 D:\php\gameback\model\Model.php(76): DbMysqli->__construct()
#1 D:\php\gameback\includes\common.inc.php(239): Model->__construct()
#2 D:\php\gameback\includes\router.inc.php(14): has_purview('index', 'index')
#3 D:\php\gameback\includes\common.inc.php(33): require_once('D:\\php\\gameback...')
#4 D:\php\gameback\admin.php(11): print_page()
#5 {main}
[2020-02-19 04:39:55] D:\php\gameback\includes\database.inc.php line 35: mysqli::mysqli(): (HY000/1045): Access denied for user 'root'@'localhost' (using password: YES)
[2020-02-19 04:39:55] Exception: mysql connect failure:1045
Stack trace:
#0 D:\php\gameback\model\Model.php(76): DbMysqli->__construct()
#1 D:\php\gameback\includes\common.inc.php(239): Model->__construct()
#2 D:\php\gameback\includes\router.inc.php(14): has_purview('index', 'index')
#3 D:\php\gameback\includes\common.inc.php(33): require_once('D:\\php\\gameback...')
#4 D:\php\gameback\admin.php(11): print_page()
#5 {main}
[2020-02-19 04:47:29] D:\php\gameback\component\Util.php line 104: mysqli::mysqli(): (HY000/1045): Access denied for user 'root'@'localhost' (using password: YES)
[2020-02-19 04:47:29] D:\php\gameback\component\Util.php line 105: Util::getMysqlCon(): Couldn't fetch mysqli
[2020-02-19 04:47:29] D:\php\gameback\component\Util.php line 108: mysqli::set_charset(): Couldn't fetch mysqli
[2020-02-19 04:47:29] D:\php\gameback\component\Util.php line 141: mysqli::query(): Couldn't fetch mysqli
[2020-02-19 04:47:32] D:\php\gameback\component\Util.php line 104: mysqli::mysqli(): (HY000/1045): Access denied for user 'root'@'localhost' (using password: YES)
[2020-02-19 04:47:32] D:\php\gameback\component\Util.php line 105: Util::getMysqlCon(): Couldn't fetch mysqli
[2020-02-19 04:47:32] D:\php\gameback\component\Util.php line 108: mysqli::set_charset(): Couldn't fetch mysqli
[2020-02-19 04:47:32] D:\php\gameback\component\Util.php line 141: mysqli::query(): Couldn't fetch mysqli
[2020-02-19 04:49:17] D:\php\gameback\library\smarty\Smarty.class.php line 1094: Smarty error: unable to read resource: &quot;role/ban_dialog.tpl&quot;
[2020-02-19 04:49:18] D:\php\gameback\component\Util.php line 104: mysqli::mysqli(): (HY000/1045): Access denied for user 'root'@'localhost' (using password: YES)
[2020-02-19 04:49:18] D:\php\gameback\component\Util.php line 105: Util::getMysqlCon(): Couldn't fetch mysqli
[2020-02-19 04:49:18] D:\php\gameback\component\Util.php line 108: mysqli::set_charset(): Couldn't fetch mysqli
[2020-02-19 04:49:18] D:\php\gameback\controller\RoleController.class.php line 150: mysqli::query(): Couldn't fetch mysqli
[2020-02-19 04:49:20] D:\php\gameback\component\Util.php line 104: mysqli::mysqli(): (HY000/1045): Access denied for user 'root'@'localhost' (using password: YES)
[2020-02-19 04:49:20] D:\php\gameback\component\Util.php line 105: Util::getMysqlCon(): Couldn't fetch mysqli
[2020-02-19 04:49:20] D:\php\gameback\component\Util.php line 108: mysqli::set_charset(): Couldn't fetch mysqli
[2020-02-19 04:49:20] D:\php\gameback\controller\RoleController.class.php line 150: mysqli::query(): Couldn't fetch mysqli
[2020-02-19 05:23:04] D:\php\gameback\library\smarty\Smarty.class.php line 1094: Smarty error: unable to read resource: &quot;role/ban_dialog.tpl&quot;
[2020-02-19 05:23:05] D:\php\gameback\component\Util.php line 104: mysqli::mysqli(): (HY000/1049): Unknown database 'cq_actor'
[2020-02-19 05:23:05] D:\php\gameback\component\Util.php line 105: Util::getMysqlCon(): Couldn't fetch mysqli
[2020-02-19 05:23:05] D:\php\gameback\component\Util.php line 108: mysqli::set_charset(): Couldn't fetch mysqli
[2020-02-19 05:23:05] D:\php\gameback\controller\RoleController.class.php line 150: mysqli::query(): Couldn't fetch mysqli
[2020-02-19 05:23:34] D:\php\gameback\component\Util.php line 104: mysqli::mysqli(): (HY000/1049): Unknown database 'cq_actor'
[2020-02-19 05:23:34] D:\php\gameback\component\Util.php line 105: Util::getMysqlCon(): Couldn't fetch mysqli
[2020-02-19 05:23:34] D:\php\gameback\component\Util.php line 108: mysqli::set_charset(): Couldn't fetch mysqli
[2020-02-19 05:23:34] D:\php\gameback\component\Util.php line 141: mysqli::query(): Couldn't fetch mysqli
[2020-02-19 05:23:37] D:\php\gameback\component\Util.php line 104: mysqli::mysqli(): (HY000/1049): Unknown database 'cq_actor'
[2020-02-19 05:23:37] D:\php\gameback\component\Util.php line 105: Util::getMysqlCon(): Couldn't fetch mysqli
[2020-02-19 05:23:37] D:\php\gameback\component\Util.php line 108: mysqli::set_charset(): Couldn't fetch mysqli
[2020-02-19 05:23:37] D:\php\gameback\controller\RolecomController.class.php line 221: mysqli::query(): Couldn't fetch mysqli
[2020-02-19 05:30:52] D:\php\gameback\controller\NoticeController.class.php line 178: implode(): Invalid arguments passed
[2020-02-19 06:05:32] D:\php\gameback\component\Util.php line 104: mysqli::mysqli(): (HY000/1045): Access denied for user 'root'@'localhost' (using password: YES)
[2020-02-19 06:05:32] D:\php\gameback\component\Util.php line 105: Util::getMysqlCon(): Couldn't fetch mysqli
[2020-02-19 06:05:32] D:\php\gameback\component\Util.php line 108: mysqli::set_charset(): Couldn't fetch mysqli
[2020-02-19 06:05:32] D:\php\gameback\component\Util.php line 141: mysqli::query(): Couldn't fetch mysqli
[2020-02-19 06:05:34] D:\php\gameback\component\Util.php line 104: mysqli::mysqli(): (HY000/1045): Access denied for user 'root'@'localhost' (using password: YES)
[2020-02-19 06:05:34] D:\php\gameback\component\Util.php line 105: Util::getMysqlCon(): Couldn't fetch mysqli
[2020-02-19 06:05:34] D:\php\gameback\component\Util.php line 108: mysqli::set_charset(): Couldn't fetch mysqli
[2020-02-19 06:05:34] D:\php\gameback\component\Util.php line 141: mysqli::query(): Couldn't fetch mysqli
[2020-02-19 06:05:44] D:\php\gameback\component\Util.php line 104: mysqli::mysqli(): (HY000/1045): Access denied for user 'root'@'localhost' (using password: YES)
[2020-02-19 06:05:44] D:\php\gameback\component\Util.php line 105: Util::getMysqlCon(): Couldn't fetch mysqli
[2020-02-19 06:05:44] D:\php\gameback\component\Util.php line 108: mysqli::set_charset(): Couldn't fetch mysqli
[2020-02-19 06:05:44] D:\php\gameback\component\Util.php line 141: mysqli::query(): Couldn't fetch mysqli
[2020-02-19 06:06:50] D:\php\gameback\library\smarty\Smarty.class.php line 1094: Smarty error: unable to read resource: &quot;role/ban_dialog.tpl&quot;
[2020-02-19 06:06:50] D:\php\gameback\component\Util.php line 104: mysqli::mysqli(): (HY000/1045): Access denied for user 'root'@'localhost' (using password: YES)
[2020-02-19 06:06:50] D:\php\gameback\component\Util.php line 105: Util::getMysqlCon(): Couldn't fetch mysqli
[2020-02-19 06:06:50] D:\php\gameback\component\Util.php line 108: mysqli::set_charset(): Couldn't fetch mysqli
[2020-02-19 06:06:50] D:\php\gameback\controller\RoleController.class.php line 150: mysqli::query(): Couldn't fetch mysqli
[2020-02-19 06:07:31] D:\php\gameback\library\smarty\Smarty.class.php line 1094: Smarty error: unable to read resource: &quot;role/ban_dialog.tpl&quot;
[2020-02-19 06:07:32] D:\php\gameback\component\Util.php line 104: mysqli::mysqli(): (HY000/1045): Access denied for user 'root'@'localhost' (using password: YES)
[2020-02-19 06:07:32] D:\php\gameback\component\Util.php line 105: Util::getMysqlCon(): Couldn't fetch mysqli
[2020-02-19 06:07:32] D:\php\gameback\component\Util.php line 108: mysqli::set_charset(): Couldn't fetch mysqli
[2020-02-19 06:07:32] D:\php\gameback\controller\RoleController.class.php line 150: mysqli::query(): Couldn't fetch mysqli
[2020-02-19 06:08:18] D:\php\gameback\library\smarty\Smarty.class.php line 1094: Smarty error: unable to read resource: &quot;role/ban_dialog.tpl&quot;
[2020-02-19 06:08:56] D:\php\gameback\library\smarty\Smarty.class.php line 1094: Smarty error: unable to read resource: &quot;role/ban_dialog.tpl&quot;
[2020-02-19 06:20:28] D:\php\gameback\library\smarty\Smarty.class.php line 1094: Smarty error: unable to read resource: &quot;role/ban_dialog.tpl&quot;
[2020-02-19 06:21:12] D:\php\gameback\library\smarty\Smarty.class.php line 1094: Smarty error: unable to read resource: &quot;role/ban_dialog.tpl&quot;
[2020-02-19 13:49:39] D:\php\gameback\component\Util.php line 104: mysqli::mysqli(): (HY000/1045): Access denied for user 'root'@'localhost' (using password: YES)
[2020-02-19 13:49:39] D:\php\gameback\component\Util.php line 105: Util::getMysqlCon(): Couldn't fetch mysqli
[2020-02-19 13:49:39] D:\php\gameback\component\Util.php line 108: mysqli::set_charset(): Couldn't fetch mysqli
[2020-02-19 13:49:39] D:\php\gameback\component\Util.php line 141: mysqli::query(): Couldn't fetch mysqli
[2020-02-19 13:49:42] D:\php\gameback\component\Util.php line 104: mysqli::mysqli(): (HY000/1045): Access denied for user 'root'@'localhost' (using password: YES)
[2020-02-19 13:49:42] D:\php\gameback\component\Util.php line 105: Util::getMysqlCon(): Couldn't fetch mysqli
[2020-02-19 13:49:42] D:\php\gameback\component\Util.php line 108: mysqli::set_charset(): Couldn't fetch mysqli
[2020-02-19 13:49:42] D:\php\gameback\component\Util.php line 141: mysqli::query(): Couldn't fetch mysqli
[2020-02-19 23:54:55] D:\php\gameback\library\smarty\Smarty.class.php line 1094: Smarty error: unable to read resource: &quot;role/ban_dialog.tpl&quot;
[2020-02-19 23:58:01] D:\php\gameback\library\smarty\Smarty.class.php line 1094: Smarty error: unable to read resource: &quot;role/ban_dialog.tpl&quot;
[2020-02-22 14:58:14] D:\php\gameback\library\smarty\Smarty.class.php line 1094: Smarty error: unable to read resource: &quot;role/ban_dialog.tpl&quot;
[2020-02-22 14:58:19] D:\php\gameback\library\smarty\Smarty.class.php line 1094: Smarty error: unable to read resource: &quot;role/ban_dialog.tpl&quot;
[2020-02-22 15:53:45] D:\php\gameback\library\smarty\Smarty.class.php line 1094: Smarty error: unable to read resource: &quot;role/ban_dialog.tpl&quot;
[2020-02-23 23:45:01] D:\php\gameback\library\smarty\Smarty.class.php line 1094: Smarty error: unable to read resource: &quot;role/ban_dialog.tpl&quot;
[2020-02-26 02:57:07] D:\php\gameback\controller\OnlineController.class.php line 57: array_keys() expects parameter 1 to be array, null given
[2020-02-26 02:57:07] D:\php\gameback\controller\OnlineController.class.php line 58: array_values() expects parameter 1 to be array, null given
[2020-02-26 02:57:09] D:\php\gameback\controller\OnlineController.class.php line 57: array_keys() expects parameter 1 to be array, null given
[2020-02-26 02:57:09] D:\php\gameback\controller\OnlineController.class.php line 58: array_values() expects parameter 1 to be array, null given
[2020-02-26 02:57:33] D:\php\gameback\controller\OnlineController.class.php line 57: array_keys() expects parameter 1 to be array, null given
[2020-02-26 02:57:33] D:\php\gameback\controller\OnlineController.class.php line 58: array_values() expects parameter 1 to be array, null given
[2020-02-27 11:25:51] D:\php\gameback\controller\NoticeController.class.php line 178: implode(): Invalid arguments passed
[2020-02-29 21:54:09] D:\php\gameback\controller\OnlineController.class.php line 57: array_keys() expects parameter 1 to be array, null given
[2020-02-29 21:54:09] D:\php\gameback\controller\OnlineController.class.php line 58: array_values() expects parameter 1 to be array, null given
[2020-02-29 21:57:55] D:\php\gameback\library\smarty\Smarty.class.php line 1094: Smarty error: unable to read resource: &quot;role/ban_dialog.tpl&quot;
